<?xml version="1.0" encoding="UTF-8"?>
<coverage generated="1705745730651" clover="3.2.0">
  <project timestamp="1705745730651" name="All files">
    <metrics statements="30" coveredstatements="25" conditionals="4" coveredconditionals="2" methods="13" coveredmethods="8" elements="47" coveredelements="35" complexity="0" loc="30" ncloc="30" packages="2" files="8" classes="8"/>
    <package name="components">
      <metrics statements="12" coveredstatements="12" conditionals="4" coveredconditionals="2" methods="6" coveredmethods="6"/>
      <file name="Contact.js" path="/Users/ishanksuri/Desktop/Legos/2023/react-2023/chapter-13-time-for-the-test/src/components/Contact.js">
        <metrics statements="2" coveredstatements="2" conditionals="0" coveredconditionals="0" methods="1" coveredmethods="1"/>
        <line num="1" count="1" type="stmt"/>
        <line num="2" count="4" type="stmt"/>
      </file>
      <file name="Header.js" path="/Users/ishanksuri/Desktop/Legos/2023/react-2023/chapter-13-time-for-the-test/src/components/Header.js">
        <metrics statements="8" coveredstatements="8" conditionals="4" coveredconditionals="2" methods="4" coveredmethods="4"/>
        <line num="9" count="1" type="stmt"/>
        <line num="13" count="5" type="stmt"/>
        <line num="19" count="5" type="stmt"/>
        <line num="22" count="5" type="stmt"/>
        <line num="29" count="9" type="stmt"/>
        <line num="46" count="5" type="stmt"/>
        <line num="50" count="5" type="stmt"/>
        <line num="80" count="1" type="cond" truecount="1" falsecount="1"/>
      </file>
      <file name="sum.js" path="/Users/ishanksuri/Desktop/Legos/2023/react-2023/chapter-13-time-for-the-test/src/components/sum.js">
        <metrics statements="2" coveredstatements="2" conditionals="0" coveredconditionals="0" methods="1" coveredmethods="1"/>
        <line num="1" count="1" type="stmt"/>
        <line num="2" count="1" type="stmt"/>
      </file>
    </package>
    <package name="utils">
      <metrics statements="18" coveredstatements="13" conditionals="0" coveredconditionals="0" methods="7" coveredmethods="2"/>
      <file name="UserContext.js" path="/Users/ishanksuri/Desktop/Legos/2023/react-2023/chapter-13-time-for-the-test/src/utils/UserContext.js">
        <metrics statements="1" coveredstatements="1" conditionals="0" coveredconditionals="0" methods="0" coveredmethods="0"/>
        <line num="5" count="1" type="stmt"/>
      </file>
      <file name="appStore.js" path="/Users/ishanksuri/Desktop/Legos/2023/react-2023/chapter-13-time-for-the-test/src/utils/appStore.js">
        <metrics statements="1" coveredstatements="1" conditionals="0" coveredconditionals="0" methods="0" coveredmethods="0"/>
        <line num="5" count="1" type="stmt"/>
      </file>
      <file name="cartSlice.js" path="/Users/ishanksuri/Desktop/Legos/2023/react-2023/chapter-13-time-for-the-test/src/utils/cartSlice.js">
        <metrics statements="5" coveredstatements="2" conditionals="0" coveredconditionals="0" methods="3" coveredmethods="0"/>
        <line num="4" count="1" type="stmt"/>
        <line num="16" count="0" type="stmt"/>
        <line num="19" count="0" type="stmt"/>
        <line num="25" count="0" type="stmt"/>
        <line num="44" count="1" type="stmt"/>
      </file>
      <file name="constants.js" path="/Users/ishanksuri/Desktop/Legos/2023/react-2023/chapter-13-time-for-the-test/src/utils/constants.js">
        <metrics statements="3" coveredstatements="3" conditionals="0" coveredconditionals="0" methods="0" coveredmethods="0"/>
        <line num="4" count="1" type="stmt"/>
        <line num="13" count="1" type="stmt"/>
        <line num="17" count="1" type="stmt"/>
      </file>
      <file name="useOnlineStatus.js" path="/Users/ishanksuri/Desktop/Legos/2023/react-2023/chapter-13-time-for-the-test/src/utils/useOnlineStatus.js">
        <metrics statements="8" coveredstatements="6" conditionals="0" coveredconditionals="0" methods="4" coveredmethods="2"/>
        <line num="7" count="1" type="stmt"/>
        <line num="9" count="5" type="stmt"/>
        <line num="12" count="5" type="stmt"/>
        <line num="13" count="4" type="stmt"/>
        <line num="14" count="0" type="stmt"/>
        <line num="17" count="4" type="stmt"/>
        <line num="18" count="0" type="stmt"/>
        <line num="23" count="5" type="stmt"/>
      </file>
    </package>
  </project>
</coverage>
