<?xml version="1.0" encoding="UTF-8"?>
<coverage generated="1706696748479" clover="3.2.0">
  <project timestamp="1706696748479" name="All files">
    <metrics statements="37" coveredstatements="32" conditionals="8" coveredconditionals="6" methods="13" coveredmethods="10" elements="58" coveredelements="48" complexity="0" loc="37" ncloc="37" packages="1" files="2" classes="2"/>
    <file name="Body.js" path="/Users/ishanksuri/Desktop/Legos/2023/react-2023/chapter-13-time-for-the-test/src/components/Body.js">
      <metrics statements="29" coveredstatements="24" conditionals="8" coveredconditionals="6" methods="10" coveredmethods="7"/>
      <line num="10" count="1" type="stmt"/>
      <line num="103" count="4" type="stmt"/>
      <line num="106" count="4" type="stmt"/>
      <line num="109" count="4" type="stmt"/>
      <line num="112" count="4" type="stmt"/>
      <line num="121" count="4" type="stmt"/>
      <line num="123" count="1" type="stmt"/>
      <line num="126" count="4" type="stmt"/>
      <line num="130" count="1" type="stmt"/>
      <line num="135" count="1" type="stmt"/>
      <line num="136" count="1" type="stmt"/>
      <line num="140" count="1" type="stmt"/>
      <line num="141" count="1" type="stmt"/>
      <line num="147" count="1" type="stmt"/>
      <line num="149" count="1" type="stmt"/>
      <line num="153" count="4" type="stmt"/>
      <line num="154" count="4" type="cond" truecount="1" falsecount="1"/>
      <line num="155" count="0" type="stmt"/>
      <line num="160" count="4" type="stmt"/>
      <line num="173" count="4" type="cond" truecount="4" falsecount="0"/>
      <line num="187" count="1" type="stmt"/>
      <line num="196" count="1" type="stmt"/>
      <line num="197" count="9" type="stmt"/>
      <line num="199" count="1" type="stmt"/>
      <line num="211" count="0" type="stmt"/>
      <line num="213" count="0" type="stmt"/>
      <line num="217" count="0" type="stmt"/>
      <line num="229" count="0" type="stmt"/>
      <line num="251" count="20" type="stmt"/>
    </file>
    <file name="RestaurantCard.js" path="/Users/ishanksuri/Desktop/Legos/2023/react-2023/chapter-13-time-for-the-test/src/components/RestaurantCard.js">
      <metrics statements="8" coveredstatements="8" conditionals="0" coveredconditionals="0" methods="3" coveredmethods="3"/>
      <line num="5" count="2" type="stmt"/>
      <line num="8" count="22" type="stmt"/>
      <line num="11" count="22" type="stmt"/>
      <line num="22" count="22" type="stmt"/>
      <line num="24" count="22" type="stmt"/>
      <line num="49" count="2" type="stmt"/>
      <line num="51" count="5" type="stmt"/>
      <line num="52" count="1" type="stmt"/>
    </file>
  </project>
</coverage>
