{"/Users/ishanksuri/Desktop/Legos/2023/react-2023/chapter-13-time-for-the-test/src/components/Body.js": {"path":"/Users/ishanksuri/Desktop/Legos/2023/react-2023/chapter-13-time-for-the-test/src/components/Body.js","statementMap":{"0":{"start":{"line":10,"column":13},"end":{"line":272,"column":1}},"1":{"start":{"line":103,"column":52},"end":{"line":103,"column":64}},"2":{"start":{"line":106,"column":54},"end":{"line":106,"column":66}},"3":{"start":{"line":109,"column":38},"end":{"line":109,"column":50}},"4":{"start":{"line":112,"column":38},"end":{"line":112,"column":66}},"5":{"start":{"line":121,"column":2},"end":{"line":124,"column":9}},"6":{"start":{"line":123,"column":4},"end":{"line":123,"column":16}},"7":{"start":{"line":126,"column":20},"end":{"line":150,"column":3}},"8":{"start":{"line":130,"column":17},"end":{"line":133,"column":5}},"9":{"start":{"line":135,"column":22},"end":{"line":135,"column":39}},"10":{"start":{"line":136,"column":4},"end":{"line":136,"column":29}},"11":{"start":{"line":137,"column":4},"end":{"line":139,"column":6}},"12":{"start":{"line":140,"column":26},"end":{"line":140,"column":28}},"13":{"start":{"line":141,"column":4},"end":{"line":144,"column":22}},"14":{"start":{"line":147,"column":4},"end":{"line":147,"column":42}},"15":{"start":{"line":149,"column":4},"end":{"line":149,"column":43}},"16":{"start":{"line":153,"column":23},"end":{"line":153,"column":40}},"17":{"start":{"line":154,"column":2},"end":{"line":157,"column":6}},"18":{"start":{"line":155,"column":4},"end":{"line":157,"column":6}},"19":{"start":{"line":160,"column":40},"end":{"line":160,"column":63}},"20":{"start":{"line":173,"column":2},"end":{"line":271,"column":4}},"21":{"start":{"line":187,"column":14},"end":{"line":187,"column":44}},"22":{"start":{"line":196,"column":41},"end":{"line":198,"column":15}},"23":{"start":{"line":197,"column":16},"end":{"line":197,"column":78}},"24":{"start":{"line":199,"column":14},"end":{"line":199,"column":56}},"25":{"start":{"line":211,"column":35},"end":{"line":214,"column":15}},"26":{"start":{"line":213,"column":25},"end":{"line":213,"column":47}},"27":{"start":{"line":217,"column":14},"end":{"line":217,"column":50}},"28":{"start":{"line":229,"column":29},"end":{"line":229,"column":56}},"29":{"start":{"line":251,"column":10},"end":{"line":267,"column":17}}},"fnMap":{"0":{"name":"(anonymous_0)","decl":{"start":{"line":10,"column":13},"end":{"line":10,"column":14}},"loc":{"start":{"line":10,"column":19},"end":{"line":272,"column":1}},"line":10},"1":{"name":"(anonymous_1)","decl":{"start":{"line":121,"column":12},"end":{"line":121,"column":13}},"loc":{"start":{"line":121,"column":18},"end":{"line":124,"column":3}},"line":121},"2":{"name":"(anonymous_2)","decl":{"start":{"line":126,"column":20},"end":{"line":126,"column":21}},"loc":{"start":{"line":126,"column":32},"end":{"line":150,"column":3}},"line":126},"3":{"name":"(anonymous_3)","decl":{"start":{"line":186,"column":22},"end":{"line":186,"column":23}},"loc":{"start":{"line":186,"column":29},"end":{"line":188,"column":13}},"line":186},"4":{"name":"(anonymous_4)","decl":{"start":{"line":192,"column":21},"end":{"line":192,"column":22}},"loc":{"start":{"line":192,"column":27},"end":{"line":200,"column":13}},"line":192},"5":{"name":"(anonymous_5)","decl":{"start":{"line":196,"column":66},"end":{"line":196,"column":67}},"loc":{"start":{"line":197,"column":16},"end":{"line":197,"column":78}},"line":197},"6":{"name":"(anonymous_6)","decl":{"start":{"line":208,"column":21},"end":{"line":208,"column":22}},"loc":{"start":{"line":208,"column":27},"end":{"line":218,"column":13}},"line":208},"7":{"name":"(anonymous_7)","decl":{"start":{"line":213,"column":16},"end":{"line":213,"column":17}},"loc":{"start":{"line":213,"column":25},"end":{"line":213,"column":47}},"line":213},"8":{"name":"(anonymous_8)","decl":{"start":{"line":229,"column":22},"end":{"line":229,"column":23}},"loc":{"start":{"line":229,"column":29},"end":{"line":229,"column":56}},"line":229},"9":{"name":"(anonymous_9)","decl":{"start":{"line":250,"column":32},"end":{"line":250,"column":33}},"loc":{"start":{"line":251,"column":10},"end":{"line":267,"column":17}},"line":251}},"branchMap":{"0":{"loc":{"start":{"line":154,"column":2},"end":{"line":157,"column":6}},"type":"if","locations":[{"start":{"line":154,"column":2},"end":{"line":157,"column":6}},{"start":{},"end":{}}],"line":154},"1":{"loc":{"start":{"line":173,"column":9},"end":{"line":271,"column":3}},"type":"cond-expr","locations":[{"start":{"line":175,"column":4},"end":{"line":175,"column":15}},{"start":{"line":178,"column":4},"end":{"line":270,"column":10}}],"line":173},"2":{"loc":{"start":{"line":173,"column":9},"end":{"line":174,"column":42}},"type":"binary-expr","locations":[{"start":{"line":173,"column":9},"end":{"line":173,"column":39}},{"start":{"line":174,"column":4},"end":{"line":174,"column":42}}],"line":173},"3":{"loc":{"start":{"line":256,"column":13},"end":{"line":266,"column":13}},"type":"cond-expr","locations":[{"start":{"line":257,"column":14},"end":{"line":260,"column":16}},{"start":{"line":262,"column":14},"end":{"line":265,"column":16}}],"line":256}},"s":{"0":1,"1":7,"2":7,"3":7,"4":7,"5":7,"6":2,"7":7,"8":2,"9":2,"10":2,"11":2,"12":2,"13":2,"14":2,"15":2,"16":7,"17":7,"18":0,"19":7,"20":7,"21":1,"22":1,"23":9,"24":1,"25":1,"26":9,"27":1,"28":0,"29":36},"f":{"0":7,"1":2,"2":2,"3":1,"4":1,"5":9,"6":1,"7":9,"8":0,"9":36},"b":{"0":[0,7],"1":[2,5],"2":[7,5],"3":[0,36]},"_coverageSchema":"1a1c01bbd47fc00a2c39e90264f33305004495a9","hash":"d6f4c4276e5536f689d16ef775cf4098f2e31bbd"}
}
