TN:
SF:src/components/Body.js
FN:10,(anonymous_0)
FN:121,(anonymous_1)
FN:126,(anonymous_2)
FN:186,(anonymous_3)
FN:192,(anonymous_4)
FN:196,(anonymous_5)
FN:208,(anonymous_6)
FN:213,(anonymous_7)
FN:229,(anonymous_8)
FN:250,(anonymous_9)
FNF:10
FNH:9
FNDA:7,(anonymous_0)
FNDA:2,(anonymous_1)
FNDA:2,(anonymous_2)
FNDA:1,(anonymous_3)
FNDA:1,(anonymous_4)
FNDA:9,(anonymous_5)
FNDA:1,(anonymous_6)
FNDA:9,(anonymous_7)
FNDA:0,(anonymous_8)
FNDA:36,(anonymous_9)
DA:10,1
DA:103,7
DA:106,7
DA:109,7
DA:112,7
DA:121,7
DA:123,2
DA:126,7
DA:130,2
DA:135,2
DA:136,2
DA:137,2
DA:140,2
DA:141,2
DA:147,2
DA:149,2
DA:153,7
DA:154,7
DA:155,0
DA:160,7
DA:173,7
DA:187,1
DA:196,1
DA:197,9
DA:199,1
DA:211,1
DA:213,9
DA:217,1
DA:229,0
DA:251,36
LF:30
LH:28
BRDA:154,0,0,0
BRDA:154,0,1,7
BRDA:173,1,0,2
BRDA:173,1,1,5
BRDA:173,2,0,7
BRDA:173,2,1,5
BRDA:256,3,0,0
BRDA:256,3,1,36
BRF:8
BRH:6
end_of_record
