TN:
SF:src/components/Body.js
FN:10,(anonymous_0)
FN:121,(anonymous_1)
FN:126,(anonymous_2)
FN:186,(anonymous_3)
FN:192,(anonymous_4)
FN:196,(anonymous_5)
FN:208,(anonymous_6)
FN:213,(anonymous_7)
FN:229,(anonymous_8)
FN:250,(anonymous_9)
FNF:10
FNH:7
FNDA:4,(anonymous_0)
FNDA:1,(anonymous_1)
FNDA:1,(anonymous_2)
FNDA:1,(anonymous_3)
FNDA:1,(anonymous_4)
FNDA:9,(anonymous_5)
FNDA:0,(anonymous_6)
FNDA:0,(anonymous_7)
FNDA:0,(anonymous_8)
FNDA:20,(anonymous_9)
DA:10,1
DA:103,4
DA:106,4
DA:109,4
DA:112,4
DA:121,4
DA:123,1
DA:126,4
DA:130,1
DA:135,1
DA:136,1
DA:140,1
DA:141,1
DA:147,1
DA:149,1
DA:153,4
DA:154,4
DA:155,0
DA:160,4
DA:173,4
DA:187,1
DA:196,1
DA:197,9
DA:199,1
DA:211,0
DA:213,0
DA:217,0
DA:229,0
DA:251,20
LF:29
LH:24
BRDA:154,0,0,0
BRDA:154,0,1,4
BRDA:173,1,0,1
BRDA:173,1,1,3
BRDA:173,2,0,4
BRDA:173,2,1,3
BRDA:256,3,0,0
BRDA:256,3,1,20
BRF:8
BRH:6
end_of_record
TN:
SF:src/components/RestaurantCard.js
FN:5,(anonymous_0)
FN:49,(anonymous_1)
FN:51,(anonymous_2)
FNF:3
FNH:3
FNDA:22,(anonymous_0)
FNDA:5,(anonymous_1)
FNDA:1,(anonymous_2)
DA:5,2
DA:8,22
DA:11,22
DA:22,22
DA:24,22
DA:49,2
DA:51,5
DA:52,1
LF:8
LH:8
BRF:0
BRH:0
end_of_record
